<class 'sims4.tuning.instances.carl:setharvesttime'>
<class 'sims4.tuning.instances.Gardening_Harvest'>
Added basic extras to gardening interaction.
<class 'sims4.tuning.instances.Gardening_Harvest_All'>
Added basic extras to gardening interaction.
<class 'sims4.tuning.instances.Gardening_Harvest_Continuation'>
Added basic extras to gardening interaction.
<class 'sims4.tuning.instances.Gardening_Harvest_Unit_autonomous'>
Added basic extras to gardening interaction.
<class 'sims4.tuning.instances.Gardening_Harvest_Unit_autonomous_low'>
Added basic extras to gardening interaction.
<class 'sims4.tuning.instances.gardening_HarvestToInventory_Area'>
Added basic extras to gardening interaction.
<class 'sims4.tuning.instances.gardening_HarvestToSell'>
Added basic extras to gardening interaction.
<class 'sims4.tuning.instances.gardening_HarvestToSell_Area'>
Added basic extras to gardening interaction.
<class 'sims4.tuning.instances.gardening_HarvestToSell_SellAll'>
Added basic extras to gardening interaction.
<class 'sims4.tuning.instances.gardening_HarvestToSell_SellAll_Continuation'>
Added basic extras to gardening interaction.
<class 'sims4.tuning.instances.gardening_HarvestToSell_SuperArea'>
Added basic extras to gardening interaction.
------------------ SPAWN FIREMETER -----------------
ImmutableSlots({'firemeter_entries': _sims4_collections.frozendict({<Tag.Func_SystemSpawned_DustFriend = 2522>: ImmutableSlots({'tag_weight': 6, 'tests_to_opt_in': CompoundTestList([])}), <Tag.Func_SystemSpawned_DustPile = 2523>: ImmutableSlots({'tag_weight': 3, 'tests_to_opt_in': CompoundTestList([])}), <Tag.Func_SystemSpawned_Specter = 2524>: ImmutableSlots({'tag_weight': 3, 'tests_to_opt_in': CompoundTestList([])}), <Tag.Func_SystemSpawned_WildGrass = 2983>: ImmutableSlots({'tag_weight': 3, 'tests_to_opt_in': CompoundTestList([])})}), 'overall_quota': 25})
25
65
ADDED AFFORDANCE
ADDED AFFORDANCE
ADDED AFFORDANCE
ADDED AFFORDANCE
ADDED AFFORDANCE
ADDED AFFORDANCE
ADDED AFFORDANCE
ADDED AFFORDANCE
ADDED AFFORDANCE
ADDED AFFORDANCE
ADDED AFFORDANCE
ADDED AFFORDANCE
100
100
100
ADDED AFFORDANCE
ADDED AFFORDANCE
ADDED AFFORDANCE
ADDED AFFORDANCE
ADDED AFFORDANCE
ADDED AFFORDANCE
ADDED AFFORDANCE
ADDED AFFORDANCE
ADDED AFFORDANCE
ADDED AFFORDANCE
ADDED AFFORDANCE
ADDED AFFORDANCE
ADDED AFFORDANCE
ADDED AFFORDANCE
ADDED AFFORDANCE
ADDED AFFORDANCE
ADDED AFFORDANCE
ADDED AFFORDANCE
2519.2440444444446
ADDED AFFORDANCE
ADDED AFFORDANCE
ADDED AFFORDANCE
ADDED AFFORDANCE
ADDED AFFORDANCE
ADDED AFFORDANCE
ADDED AFFORDANCE
ADDED AFFORDANCE
ADDED AFFORDANCE
ADDED AFFORDANCE
ADDED AFFORDANCE
ADDED AFFORDANCE
ADDED AFFORDANCE
ADDED AFFORDANCE
ADDED AFFORDANCE
ADDED AFFORDANCE
ADDED AFFORDANCE
ADDED AFFORDANCE
ADDED AFFORDANCE
ADDED AFFORDANCE
ADDED AFFORDANCE
ADDED AFFORDANCE
ADDED AFFORDANCE
ADDED AFFORDANCE
ADDED AFFORDANCE
ADDED AFFORDANCE
ADDED AFFORDANCE
ADDED AFFORDANCE
ADDED AFFORDANCE
ADDED AFFORDANCE
ADDED AFFORDANCE
ADDED AFFORDANCE
ADDED AFFORDANCE
ADDED AFFORDANCE
ADDED AFFORDANCE
ADDED AFFORDANCE
ADDED AFFORDANCE
ADDED AFFORDANCE
ADDED AFFORDANCE
ADDED AFFORDANCE
ADDED AFFORDANCE
ADDED AFFORDANCE
ADDED AFFORDANCE
ADDED AFFORDANCE
ADDED AFFORDANCE
ADDED AFFORDANCE
ADDED AFFORDANCE
ADDED AFFORDANCE
ADDED AFFORDANCE
2553.5896000000002
ADDED AFFORDANCE
ADDED AFFORDANCE
ADDED AFFORDANCE
ADDED AFFORDANCE
ADDED AFFORDANCE
ADDED AFFORDANCE
ADDED AFFORDANCE
ADDED AFFORDANCE
ADDED AFFORDANCE
ADDED AFFORDANCE
ADDED AFFORDANCE
ADDED AFFORDANCE
ADDED AFFORDANCE
ADDED AFFORDANCE
ADDED AFFORDANCE
ADDED AFFORDANCE
ADDED AFFORDANCE
ADDED AFFORDANCE
ADDED AFFORDANCE
ADDED AFFORDANCE
ADDED AFFORDANCE
ADDED AFFORDANCE
ADDED AFFORDANCE
ADDED AFFORDANCE
ADDED AFFORDANCE
ADDED AFFORDANCE
ADDED AFFORDANCE
ADDED AFFORDANCE
ADDED AFFORDANCE
ADDED AFFORDANCE
ADDED AFFORDANCE
ADDED AFFORDANCE
ADDED AFFORDANCE
ADDED AFFORDANCE
ADDED AFFORDANCE
ADDED AFFORDANCE
ADDED AFFORDANCE
ADDED AFFORDANCE
ADDED AFFORDANCE
ADDED AFFORDANCE
ADDED AFFORDANCE
ADDED AFFORDANCE
ADDED AFFORDANCE
ADDED AFFORDANCE
ADDED AFFORDANCE
ADDED AFFORDANCE
ADDED AFFORDANCE
ADDED AFFORDANCE
ADDED AFFORDANCE
ADDED AFFORDANCE
ADDED AFFORDANCE
ADDED AFFORDANCE
ADDED AFFORDANCE
ADDED AFFORDANCE
ADDED AFFORDANCE
ADDED AFFORDANCE
ADDED AFFORDANCE
ADDED AFFORDANCE
2583.302111111111
ADDED AFFORDANCE
ADDED AFFORDANCE
ADDED AFFORDANCE
ADDED AFFORDANCE
ADDED AFFORDANCE
ADDED AFFORDANCE
ADDED AFFORDANCE
ADDED AFFORDANCE
ADDED AFFORDANCE
ADDED AFFORDANCE
ADDED AFFORDANCE
ADDED AFFORDANCE
ADDED AFFORDANCE
ADDED AFFORDANCE
ADDED AFFORDANCE
ADDED AFFORDANCE
ADDED AFFORDANCE
ADDED AFFORDANCE
ADDED AFFORDANCE
ADDED AFFORDANCE
ADDED AFFORDANCE
ADDED AFFORDANCE
ADDED AFFORDANCE
ADDED AFFORDANCE
ADDED AFFORDANCE
ADDED AFFORDANCE
ADDED AFFORDANCE
ADDED AFFORDANCE
ADDED AFFORDANCE
ADDED AFFORDANCE
ADDED AFFORDANCE
ADDED AFFORDANCE
ADDED AFFORDANCE
ADDED AFFORDANCE
ADDED AFFORDANCE
ADDED AFFORDANCE
ADDED AFFORDANCE
ADDED AFFORDANCE
ADDED AFFORDANCE
ADDED AFFORDANCE
ADDED AFFORDANCE
ADDED AFFORDANCE
ADDED AFFORDANCE
100
ADDED AFFORDANCE
ADDED AFFORDANCE
ADDED AFFORDANCE
ADDED AFFORDANCE
ADDED AFFORDANCE
ADDED AFFORDANCE
ADDED AFFORDANCE
ADDED AFFORDANCE
ADDED AFFORDANCE
ADDED AFFORDANCE
ADDED AFFORDANCE
ADDED AFFORDANCE
ADDED AFFORDANCE
ADDED AFFORDANCE
ADDED AFFORDANCE
ADDED AFFORDANCE
ADDED AFFORDANCE
ADDED AFFORDANCE
2603.7516444444445
ADDED AFFORDANCE
ADDED AFFORDANCE
ADDED AFFORDANCE
ADDED AFFORDANCE
ADDED AFFORDANCE
ADDED AFFORDANCE
ADDED AFFORDANCE
ADDED AFFORDANCE
ADDED AFFORDANCE
ADDED AFFORDANCE
ADDED AFFORDANCE
ADDED AFFORDANCE
ADDED AFFORDANCE
ADDED AFFORDANCE
ADDED AFFORDANCE
ADDED AFFORDANCE
ADDED AFFORDANCE
ADDED AFFORDANCE
ADDED AFFORDANCE
