[Jul-24-2023 23:01:59]Initializing MC Command Center version: 2023.4.1...
[Jul-24-2023 23:02:00]MCCC 2023.4.1 is the latest version.  No need to update at this time.
[Jul-24-2023 23:07:58]Initializing Zone Data...
[Jul-25-2023 06:08:42]Maira Watson has aged-up to Age.YOUNGADULT
[Jul-25-2023 06:08:44]Processing Relationship Move-Ins
[Jul-25-2023 06:10:36]Geoffrey Landgraab has aged-up to Age.ELDER
[Jul-25-2023 06:12:59]Processing Relationship Move-Ins
[Jul-25-2023 06:13:42]Cade McKnight has aged-up to Age.YOUNGADULT
[Jul-25-2023 06:17:30]Processing Relationship Move-Ins
[Jul-25-2023 06:19:57]Processing Relationship Move-Ins
[Jul-25-2023 06:20:03]******************************************************
[Jul-25-2023 06:20:03]Running alarms for Sunday (0)
[Jul-25-2023 06:20:32]Processing Relationship Move-Ins
[Jul-25-2023 06:20:59]Grant Fyres has aged-up to Age.INFANT
[Jul-25-2023 06:20:59]Tierra Faamoana has aged-up to Age.INFANT
[Jul-25-2023 06:21:00]Pelham Barclay has aged-up to Age.INFANT
[Jul-25-2023 06:21:00]Niko Barclay has aged-up to Age.INFANT
[Jul-25-2023 06:21:00]Rebekah Nym has aged-up to Age.INFANT
[Jul-25-2023 06:21:00]Elisha Chopra has aged-up to Age.INFANT
[Jul-25-2023 06:21:00]Haleigh McKinnon has aged-up to Age.INFANT
[Jul-25-2023 06:21:00]Beth Dunbar has aged-up to Age.INFANT
[Jul-25-2023 06:21:01]Adrianna McKnight has aged-up to Age.INFANT
[Jul-25-2023 06:21:01]Tate Scott has aged-up to Age.INFANT
[Jul-25-2023 06:21:01]Vicente Kahananui has aged-up to Age.INFANT
[Jul-25-2023 06:21:01]Jakob Ruano has aged-up to Age.INFANT
[Jul-25-2023 06:21:04]Liberty Lee had 1 baby with Ernesto Veleta.
[Jul-25-2023 06:21:05]Kalista Kalid had 1 baby with Sean Sullivan.
[Jul-25-2023 06:21:05]Alice Spencer-Kim had 1 baby with Eric Lewis.
[Jul-25-2023 06:21:05]Marissa Grey had 1 baby with Jayden Armstrong.
[Jul-25-2023 06:21:06]Fiona Mendes had 1 baby with Nuihaur Kahananui.
[Jul-25-2023 06:21:06]Maaike Haas had 1 baby with Tim Dayton.
[Jul-25-2023 06:21:06]Angela Pleasant had 1 baby with Mikael Johansson.
[Jul-25-2023 06:21:07]Lilith Pleasant had 1 baby with Carlos Whitfield.
[Jul-25-2023 06:21:07]Ericka Pancakes has aged-up to Age.CHILD
[Jul-25-2023 06:21:12]Jimmie Climate has aged-up to Age.CHILD
[Jul-25-2023 06:21:12]Frank Barrow has aged-up to Age.CHILD
[Jul-25-2023 06:21:12]Jayme Barrow has aged-up to Age.CHILD
[Jul-25-2023 06:21:12]Piper Fyres has aged-up to Age.CHILD
[Jul-25-2023 06:21:15]Processing Relationship Move-Ins
[Jul-25-2023 06:21:34]Betsy Giordano has aged-up to Age.YOUNGADULT
[Jul-25-2023 06:21:34]Paxton Giordano has aged-up to Age.YOUNGADULT
[Jul-25-2023 06:22:28]Elly Hood has aged-up to Age.YOUNGADULT
[Jul-25-2023 06:22:34]Janie Daugherty had 1 baby with Ashaya Banerjee.
[Jul-25-2023 06:22:46]Processing Relationship Move-Ins
[Jul-25-2023 06:22:56]Tiffany Zhao has aged-up to Age.YOUNGADULT
[Jul-25-2023 06:23:39]Processing Relationship Move-Ins
[Jul-25-2023 06:24:23]Madilyn Schneider has aged-up to Age.YOUNGADULT
[Jul-25-2023 06:24:36]Peyton Barrow has aged-up to Age.YOUNGADULT
[Jul-25-2023 06:25:48]Processing Relationship Move-Ins
[Jul-25-2023 06:28:51]Autosave has occurred.  'MC Save 00001111' has been saved
[Jul-25-2023 06:29:28]Lucas Munch has aged-up to Age.YOUNGADULT
[Jul-25-2023 06:29:52]Processing Relationship Move-Ins
[Jul-25-2023 06:30:33]Michael Zhao has aged-up to Age.YOUNGADULT
[Jul-25-2023 06:41:12]Processing Relationship Move-Ins
[Jul-25-2023 06:41:54]Brooks Osborne has aged-up to Age.YOUNGADULT
[Jul-25-2023 06:42:01]Processing Relationship Move-Ins
[Jul-25-2023 06:44:37]Processing Relationship Move-Ins
[Jul-25-2023 06:44:40]Jennie Pitts has aged-up to Age.YOUNGADULT
[Jul-25-2023 06:44:48]******************************************************
[Jul-25-2023 06:44:48]Running alarms for Monday (1)
[Jul-25-2023 06:44:48]Checking for random pregnancies
[Jul-25-2023 06:44:49]*** Started pregnancy for Sue D. Nym with Marquise Palumbo.
[Jul-25-2023 06:44:49]*** Started pregnancy for Kristie Penn with Louis Penn.
[Jul-25-2023 06:44:49]*** Started pregnancy for Lana McKinnon with Coeus Leto.
[Jul-25-2023 06:44:49]*** Started pregnancy for Dave McAllister with Lucas McCoy.
[Jul-25-2023 06:44:49]*** Started pregnancy for Julia Ramos with Jim Nevarez.
[Jul-25-2023 06:44:49]*** Started pregnancy for Jesminder Bheeda with Arun Bheeda.
[Jul-25-2023 06:44:50]*** Started adoption of Debra Tierney for Alexia Millard and Dustin Broke.
[Jul-25-2023 06:44:50]Started 7 pregnancies
[Jul-25-2023 06:44:50]No pet pregnancies happened this cycle.  No random Pets selected.
[Jul-25-2023 06:44:50]Checking for random marriage
[Jul-25-2023 06:44:50]>>> Married Marisol Dupre' and Mizuki Nakagawa and they now live in the Dupre' household
[Jul-25-2023 06:44:50]Marisol Dupre' was married this random marriage cycle.
[Jul-25-2023 06:44:50]>>> Married Rion Hutchinson and Audra Connolly and they now live in the Hutchinson household
[Jul-25-2023 06:44:50]Rion Hutchinson was married this random marriage cycle.
[Jul-25-2023 06:44:50]>>> Married Dirk Dreamer and Michiko Okamoto and they now live in the Dreamer household
[Jul-25-2023 06:44:50]Dirk Dreamer was married this random marriage cycle.
[Jul-25-2023 06:44:50]>>> Married Kyleigh Holloway and Aleki Tanielu and they now live in the Holloway household
[Jul-25-2023 06:44:50]Kyleigh Holloway was married this random marriage cycle.
[Jul-25-2023 06:44:50]>>> Married Angelo Anders and Kalamainu’u Iona and they now live in the Anders household
[Jul-25-2023 06:44:50]Angelo Anders was married this random marriage cycle.
[Jul-25-2023 06:44:51]>>> Married Steve Ferry and Princess Ess and they now live in the Ferry household
[Jul-25-2023 06:44:51]Steve Ferry was married this random marriage cycle.
[Jul-25-2023 06:44:51]>>> Married Saori Yamamoto and Vaea Turei and they now live in the Yamamoto household
[Jul-25-2023 06:44:51]Saori Yamamoto was married this random marriage cycle.
[Jul-25-2023 06:44:51]>>> Married Anthony Akins and Désirée St. Feu and they now live in the Akins household
[Jul-25-2023 06:44:51]Anthony Akins was married this random marriage cycle.
[Jul-25-2023 06:44:51]Married 8 sims
[Jul-25-2023 06:44:51]Moved 2 Elder Sims into a retirement home
[Jul-25-2023 06:45:37]Processing Relationship Move-Ins
[Jul-25-2023 06:45:43]Addisyn Luna has aged-up to Age.TEEN
[Jul-25-2023 06:45:45]Max Villareal has aged-up to Age.YOUNGADULT
[Jul-25-2023 06:46:07]Charles Cho has aged-up to Age.TODDLER
[Jul-25-2023 06:46:07]Rylie Hara has aged-up to Age.TODDLER
[Jul-25-2023 06:46:07]Peyton Stiles has aged-up to Age.TEEN
[Jul-25-2023 06:46:32]Elsa Bjergsen has aged-up to Age.YOUNGADULT
[Jul-25-2023 06:46:35]Processing Relationship Move-Ins
[Jul-25-2023 06:48:42]Orange Bailey-Moon has aged-up to Age.YOUNGADULT
[Jul-25-2023 06:48:42]Noah Lee-McGregor has aged-up to Age.YOUNGADULT
[Jul-25-2023 06:48:43]Wyatt Laws has aged-up to Age.YOUNGADULT
[Jul-25-2023 06:49:17]Processing Relationship Move-Ins
[Jul-25-2023 06:49:30]Chelsea Laws has aged-up to Age.YOUNGADULT
[Jul-25-2023 06:50:53]Billie Jang has aged-up to Age.YOUNGADULT
[Jul-25-2023 06:50:53]Atlas Michaelson has aged-up to Age.YOUNGADULT
[Jul-25-2023 06:50:53]Karmine Luna has aged-up to Age.YOUNGADULT
[Jul-25-2023 06:50:55]Pierce Delgato has aged-up to Age.YOUNGADULT
[Jul-25-2023 06:51:45]Processing Relationship Move-Ins
[Jul-25-2023 06:54:04]Vernon Morse has aged-up to Age.ELDER
[Jul-25-2023 06:55:11]Processing Relationship Move-Ins
[Jul-25-2023 12:41:41]Processing Relationship Move-Ins
[Jul-25-2023 12:45:16]Processing Relationship Move-Ins
[Jul-25-2023 12:48:04]Processing Relationship Move-Ins
[Jul-25-2023 12:48:48]Processing Relationship Move-Ins
[Jul-25-2023 12:48:58]******************************************************
[Jul-25-2023 12:48:58]Running alarms for Tuesday (2)
[Jul-25-2023 12:49:03]Chris Foley has aged-up to Age.ELDER
[Jul-25-2023 12:49:22]Processing Relationship Move-Ins
[Jul-25-2023 12:50:03]* Merged Sim into household, It's giving... Thanks, for Neighborhood Story adoption
[Jul-25-2023 12:50:03]Kourtney Flipper has aged-up to Age.TODDLER
[Jul-25-2023 12:50:04]Tasha Thorn has aged-up to Age.TEEN
[Jul-25-2023 12:52:16]Makenna Voom has aged-up to Age.CHILD
[Jul-25-2023 12:52:16]Grant Mori has aged-up to Age.CHILD
[Jul-25-2023 12:52:16]Jordyn Lopez has aged-up to Age.CHILD
[Jul-25-2023 12:52:16]Kristofer Hong has aged-up to Age.CHILD
[Jul-25-2023 12:52:16]Christen Chopra has aged-up to Age.CHILD
[Jul-25-2023 12:52:16]Aubrie Peterson has aged-up to Age.CHILD
[Jul-25-2023 12:52:16]Sage Rodgers has aged-up to Age.CHILD
[Jul-25-2023 12:52:16]Rory Kahananui has aged-up to Age.CHILD
[Jul-25-2023 12:52:16]Dominic Bhamra has aged-up to Age.CHILD
[Jul-25-2023 12:52:16]Viviana Bhamra has aged-up to Age.CHILD
[Jul-25-2023 12:52:16]Duane Lee has aged-up to Age.INFANT
[Jul-25-2023 12:52:16]Mikaela Kalid has aged-up to Age.INFANT
[Jul-25-2023 12:52:16]Gunnar Spencer-Kim has aged-up to Age.INFANT
[Jul-25-2023 12:52:16]Salvador Grey has aged-up to Age.INFANT
[Jul-25-2023 12:52:16]Mallory Mendes has aged-up to Age.INFANT
[Jul-25-2023 12:52:17]Lorna Haas has aged-up to Age.INFANT
[Jul-25-2023 12:52:17]Joey Pleasant has aged-up to Age.INFANT
[Jul-25-2023 12:52:17]Charles Pleasant has aged-up to Age.INFANT
[Jul-25-2023 12:52:17]Summer Holiday had 1 baby with Travis Scott.
[Jul-25-2023 12:52:17]Valeria Lopez had 1 baby with Gavin Richards.
[Jul-25-2023 12:52:17]Bella Goth had 1 baby with Mortimer Goth.
[Jul-25-2023 12:52:17]Elle Canon had 1 baby with Kaiden Bryant.
[Jul-25-2023 12:52:17]Camille Abbiza had 1 baby with Mitchell Kalani.
[Jul-25-2023 12:52:17]Cole Henson had 1 baby with Marvin Laws.
[Jul-25-2023 12:52:17]Hanna Holder had 1 baby with J Roboto.
[Jul-25-2023 12:52:17]N Corbett had 1 baby with William Elmore.
[Jul-25-2023 12:52:17]Mele Kahananui had 1 baby with Alika Kahananui.
[Jul-25-2023 15:14:18]Processing Relationship Move-Ins
[Jul-25-2023 15:14:46]Bill Wu has aged-up to Age.ELDER
[Jul-25-2023 15:18:35]Emery Daugherty has aged-up to Age.INFANT
[Jul-25-2023 15:20:07]Processing Relationship Move-Ins
[Jul-25-2023 15:23:35]Processing Relationship Move-Ins
[Jul-25-2023 15:26:30]Processing Relationship Move-Ins
[Jul-25-2023 15:30:35]Processing Relationship Move-Ins
[Jul-25-2023 15:34:33]Processing Relationship Move-Ins
[Jul-25-2023 20:07:59]* Created homeless household, Kumar, containing 1 sim(s) for: filter_Club_NPC_DJ
[Jul-25-2023 20:10:03]Processing Relationship Move-Ins
[Jul-25-2023 20:10:33]* Created homeless household, Raghavan, containing 1 sim(s) for: filter_Club_NPC_DJ_level10
[Jul-25-2023 20:11:01]* Created homeless household, 'Ōpūnui, containing 1 sim(s) for: filter_Club_NPC_DJ
[Jul-25-2023 20:11:41]Coeus Leto has aged-up to Age.ELDER
[Jul-25-2023 20:25:43]Processing Relationship Move-Ins
[Jul-25-2023 20:28:13]******************************************************
[Jul-25-2023 20:28:13]Running alarms for Wednesday (3)
[Jul-25-2023 20:28:13]Checking for random pregnancies
[Jul-25-2023 20:28:14]*** Started pregnancy for Dina Caliente with Don Lothario.
[Jul-25-2023 20:28:14]*** Started pregnancy for Eliza Pancakes with Bob Pancakes.
[Jul-25-2023 20:28:14]*** Started pregnancy for Dela Ostrow with Raj Khemlani.
[Jul-25-2023 20:28:14]*** Started pregnancy for Lacey Stiles with Gael Gonzalez.
[Jul-25-2023 20:28:14]*** Started pregnancy for Zoe Flores with Darsh Ramesh.
[Jul-25-2023 20:28:14]*** Started pregnancy for Emiko Mori with Johnny Candy.
[Jul-25-2023 20:28:15]*** Started adoption of Talon Ingebretson for Maya Riordan and Chuck Cenzo.
[Jul-25-2023 20:28:15]*** Started pregnancy for Lia Hauata with Dillin Derito.
[Jul-25-2023 20:28:15]*** Started pregnancy for Leila Illes with Oliana Ngata.
[Jul-25-2023 20:28:15]*** Started pregnancy for Judith Ward with Lester VanNuys.
[Jul-25-2023 20:28:15]Started 10 pregnancies
[Jul-25-2023 20:28:15]No valid dogs found to be a partner in pregnancy with Tayo.
[Jul-25-2023 20:28:15]*** Started pet pregnancy for Cashew with Spot.
[Jul-25-2023 20:28:15]Started 1 pet pregnancy
[Jul-25-2023 20:28:15]Checking for random marriage
[Jul-25-2023 20:28:15]>>> Married Tanner Watt and Livie Mounier and they now live in the Watt household
[Jul-25-2023 20:28:15]Tanner Watt was married this random marriage cycle.
[Jul-25-2023 20:28:15]>>> Married Alexis Charm and Camille Anaya and they now live in the Charm household
[Jul-25-2023 20:28:15]Alexis Charm was married this random marriage cycle.
[Jul-25-2023 20:28:15]>>> Married Dana Adler and Sebastian Garcon and they now live in the Garcon household
[Jul-25-2023 20:28:15]Dana Adler was married this random marriage cycle.
[Jul-25-2023 20:28:15]>>> Married Phoenix Money and Mia ForWell and they now live in the Money household
[Jul-25-2023 20:28:15]Phoenix Money was married this random marriage cycle.
[Jul-25-2023 20:28:15]>>> Married Yolisa Wray and Ayaan Kumar and they now live in the Wray household
[Jul-25-2023 20:28:15]Yolisa Wray was married this random marriage cycle.
[Jul-25-2023 20:28:15]>>> Married Izzy Fabulous and Guida Senhorreis and they now live in the Fabulous household
[Jul-25-2023 20:28:15]Izzy Fabulous was married this random marriage cycle.
[Jul-25-2023 20:28:15]Married 6 sims
[Jul-25-2023 20:28:16]Moved 3 Elder Sims into a retirement home
[Jul-25-2023 20:31:16]Processing Relationship Move-Ins
[Jul-25-2023 20:31:25]Dave Richardson has aged-up to Age.ELDER
[Jul-25-2023 20:31:31]Bryant Osborne has aged-up to Age.YOUNGADULT
[Jul-25-2023 20:31:31]Laurie Laws has aged-up to Age.TEEN
[Jul-25-2023 20:31:55]Processing Relationship Move-Ins
[Jul-25-2023 20:36:04]Minkz Patel has aged-up to Age.TODDLER
[Jul-25-2023 20:36:04]Brad Jenkins has aged-up to Age.TODDLER
[Jul-25-2023 20:36:04]Jace Mailing has aged-up to Age.TODDLER
[Jul-25-2023 20:36:04]Julianne Bhamra has aged-up to Age.TODDLER
[Jul-25-2023 20:36:05]Demarcus Kahananui has aged-up to Age.TEEN
[Jul-25-2023 20:36:17]Processing Relationship Move-Ins
[Jul-25-2023 20:38:13]Processing Relationship Move-Ins
[Jul-25-2023 20:38:42]John Wentworth has aged-up to Age.ELDER
[Jul-25-2023 20:39:37]Processing Relationship Move-Ins
[Jul-25-2023 20:41:58]Aaradhya Trivedi has aged-up to Age.ADULT
[Jul-25-2023 20:42:05]Processing Relationship Move-Ins
[Jul-25-2023 20:42:55]Iggy Pancakes has aged-up to Age.YOUNGADULT
[Jul-25-2023 20:43:19]Creeper Queen has aged-up to Age.ELDER
[Jul-25-2023 20:43:58]Processing Relationship Move-Ins
[Jul-25-2023 20:44:55]Yuna Uchida has aged-up to Age.ADULT
[Jul-25-2023 20:44:55]Nancy Landgraab has aged-up to Age.ELDER
[Jul-25-2023 20:54:13]Processing Relationship Move-Ins
[Jul-25-2023 20:58:26]Mila Munch has aged-up to Age.ELDER
[Jul-25-2023 20:58:29]Processing Relationship Move-Ins
[Jul-25-2023 21:00:54]******************************************************
[Jul-25-2023 21:00:54]Running alarms for Thursday (4)
[Jul-25-2023 21:00:56]Christian Horne has aged-up to Age.TEEN
[Jul-25-2023 21:02:30]Processing Relationship Move-Ins
[Jul-25-2023 21:03:54]Cashew delivered 2 babies.
[Jul-25-2023 21:04:40]Nikita Hood has aged-up to Age.CHILD
[Jul-25-2023 21:04:40]Sylas Lopez has aged-up to Age.TEEN
[Jul-25-2023 21:04:41]Tianna Hood has aged-up to Age.TEEN
[Jul-25-2023 21:04:44]Dylan Flynn has aged-up to Age.ELDER
